<?xml version="1.0" encoding="UTF-8"?>
<testsuite xmlns:xsi="http://www.w3.org/2001/XMLSchema-instance" xsi:noNamespaceSchemaLocation="https://maven.apache.org/surefire/maven-surefire-plugin/xsd/surefire-test-report.xsd" name="org.apache.maven.lifecycle.internal.builder.multithreaded.ConcurrencyDependencyGraphTest" time="0.005" tests="1" errors="0" skipped="0" failures="0">
  <properties>
    <property name="sun.desktop" value="windows"/>
    <property name="awt.toolkit" value="sun.awt.windows.WToolkit"/>
    <property name="file.encoding.pkg" value="sun.io"/>
    <property name="java.specification.version" value="1.8"/>
    <property name="sun.cpu.isalist" value="amd64"/>
    <property name="sun.jnu.encoding" value="Cp1252"/>
    <property name="java.class.path" value="C:\Users\Omkar\git\apache\maven\maven-core\target\test-classes;C:\Users\Omkar\git\apache\maven\maven-core\target\classes;C:\Users\Omkar\git\apache\maven\maven-model\target\maven-model-3.7.0-SNAPSHOT.jar;C:\Users\Omkar\git\apache\maven\maven-settings\target\maven-settings-3.7.0-SNAPSHOT.jar;C:\Users\Omkar\git\apache\maven\maven-settings-builder\target\maven-settings-builder-3.7.0-SNAPSHOT.jar;C:\Users\Omkar\.m2\repository\org\codehaus\plexus\plexus-interpolation\1.26\plexus-interpolation-1.26.jar;C:\Users\Omkar\.m2\repository\org\sonatype\plexus\plexus-sec-dispatcher\1.4\plexus-sec-dispatcher-1.4.jar;C:\Users\Omkar\git\apache\maven\maven-builder-support\target\maven-builder-support-3.7.0-SNAPSHOT.jar;C:\Users\Omkar\git\apache\maven\maven-repository-metadata\target\maven-repository-metadata-3.7.0-SNAPSHOT.jar;C:\Users\Omkar\git\apache\maven\maven-artifact\target\maven-artifact-3.7.0-SNAPSHOT.jar;C:\Users\Omkar\git\apache\maven\maven-xml\target\maven-xml-3.7.0-SNAPSHOT.jar;C:\Users\Omkar\git\apache\maven\maven-plugin-api\target\maven-plugin-api-3.7.0-SNAPSHOT.jar;C:\Users\Omkar\git\apache\maven\maven-model-builder\target\maven-model-builder-3.7.0-SNAPSHOT.jar;C:\Users\Omkar\git\apache\maven\maven-resolver-provider\target\maven-resolver-provider-3.7.0-SNAPSHOT.jar;C:\Users\Omkar\.m2\repository\org\slf4j\slf4j-api\1.7.29\slf4j-api-1.7.29.jar;C:\Users\Omkar\.m2\repository\org\apache\maven\resolver\maven-resolver-impl\1.4.2\maven-resolver-impl-1.4.2.jar;C:\Users\Omkar\.m2\repository\org\apache\maven\resolver\maven-resolver-api\1.4.2\maven-resolver-api-1.4.2.jar;C:\Users\Omkar\.m2\repository\org\apache\maven\resolver\maven-resolver-spi\1.4.2\maven-resolver-spi-1.4.2.jar;C:\Users\Omkar\.m2\repository\org\apache\maven\resolver\maven-resolver-util\1.4.2\maven-resolver-util-1.4.2.jar;C:\Users\Omkar\.m2\repository\org\apache\maven\shared\maven-shared-utils\3.2.1\maven-shared-utils-3.2.1.jar;C:\Users\Omkar\.m2\repository\commons-io\commons-io\2.5\commons-io-2.5.jar;C:\Users\Omkar\.m2\repository\org\eclipse\sisu\org.eclipse.sisu.plexus\0.3.4\org.eclipse.sisu.plexus-0.3.4.jar;C:\Users\Omkar\.m2\repository\javax\enterprise\cdi-api\1.0\cdi-api-1.0.jar;C:\Users\Omkar\.m2\repository\javax\annotation\jsr250-api\1.0\jsr250-api-1.0.jar;C:\Users\Omkar\.m2\repository\org\codehaus\plexus\plexus-component-annotations\2.1.0\plexus-component-annotations-2.1.0.jar;C:\Users\Omkar\.m2\repository\org\eclipse\sisu\org.eclipse.sisu.inject\0.3.4\org.eclipse.sisu.inject-0.3.4.jar;C:\Users\Omkar\.m2\repository\com\google\inject\guice\4.2.3\guice-4.2.3-no_aop.jar;C:\Users\Omkar\.m2\repository\aopalliance\aopalliance\1.0\aopalliance-1.0.jar;C:\Users\Omkar\.m2\repository\com\google\guava\guava\27.1-jre\guava-27.1-jre.jar;C:\Users\Omkar\.m2\repository\com\google\guava\failureaccess\1.0.1\failureaccess-1.0.1.jar;C:\Users\Omkar\.m2\repository\com\google\guava\listenablefuture\9999.0-empty-to-avoid-conflict-with-guava\listenablefuture-9999.0-empty-to-avoid-conflict-with-guava.jar;C:\Users\Omkar\.m2\repository\com\google\code\findbugs\jsr305\3.0.2\jsr305-3.0.2.jar;C:\Users\Omkar\.m2\repository\org\checkerframework\checker-qual\2.5.2\checker-qual-2.5.2.jar;C:\Users\Omkar\.m2\repository\com\google\errorprone\error_prone_annotations\2.2.0\error_prone_annotations-2.2.0.jar;C:\Users\Omkar\.m2\repository\com\google\j2objc\j2objc-annotations\1.1\j2objc-annotations-1.1.jar;C:\Users\Omkar\.m2\repository\org\codehaus\mojo\animal-sniffer-annotations\1.17\animal-sniffer-annotations-1.17.jar;C:\Users\Omkar\.m2\repository\javax\inject\javax.inject\1\javax.inject-1.jar;C:\Users\Omkar\.m2\repository\org\codehaus\plexus\plexus-utils\3.3.0\plexus-utils-3.3.0.jar;C:\Users\Omkar\.m2\repository\org\codehaus\plexus\plexus-classworlds\2.6.0\plexus-classworlds-2.6.0.jar;C:\Users\Omkar\.m2\repository\org\codehaus\plexus\plexus-cipher\1.8\plexus-cipher-1.8.jar;C:\Users\Omkar\.m2\repository\org\apache\commons\commons-lang3\3.8.1\commons-lang3-3.8.1.jar;C:\Users\Omkar\.m2\repository\commons-jxpath\commons-jxpath\1.3\commons-jxpath-1.3.jar;C:\Users\Omkar\.m2\repository\org\mockito\mockito-core\3.2.0\mockito-core-3.2.0.jar;C:\Users\Omkar\.m2\repository\net\bytebuddy\byte-buddy\1.10.3\byte-buddy-1.10.3.jar;C:\Users\Omkar\.m2\repository\net\bytebuddy\byte-buddy-agent\1.10.3\byte-buddy-agent-1.10.3.jar;C:\Users\Omkar\.m2\repository\org\objenesis\objenesis\2.6\objenesis-2.6.jar;C:\Users\Omkar\.m2\repository\org\hamcrest\hamcrest-library\2.2\hamcrest-library-2.2.jar;C:\Users\Omkar\.m2\repository\org\hamcrest\hamcrest-core\2.2\hamcrest-core-2.2.jar;C:\Users\Omkar\.m2\repository\org\hamcrest\hamcrest\2.2\hamcrest-2.2.jar;C:\Users\Omkar\.m2\repository\org\xmlunit\xmlunit-assertj\2.6.4\xmlunit-assertj-2.6.4.jar;C:\Users\Omkar\.m2\repository\org\xmlunit\xmlunit-core\2.6.4\xmlunit-core-2.6.4.jar;C:\Users\Omkar\.m2\repository\org\assertj\assertj-core\2.9.0\assertj-core-2.9.0.jar;C:\Users\Omkar\.m2\repository\junit\junit\4.13\junit-4.13.jar;"/>
    <property name="java.vm.vendor" value="Oracle Corporation"/>
    <property name="sun.arch.data.model" value="64"/>
    <property name="user.variant" value=""/>
    <property name="java.vendor.url" value="http://java.oracle.com/"/>
    <property name="user.timezone" value="Asia/Calcutta"/>
    <property name="java.vm.specification.version" value="1.8"/>
    <property name="os.name" value="Windows 10"/>
    <property name="user.country" value="IN"/>
    <property name="sun.java.launcher" value="SUN_STANDARD"/>
    <property name="sun.boot.library.path" value="C:\Program Files\Java\jdk1.8.0_251\jre\bin"/>
    <property name="sun.java.command" value="C:\Users\Omkar\AppData\Local\Temp\surefire5542456212476658446\surefirebooter4054535939834944257.jar C:\Users\Omkar\AppData\Local\Temp\surefire5542456212476658446 2020-09-07T18-51-47_636-jvmRun1 surefire4770962871404374693tmp surefire_82306386223175959433tmp"/>
    <property name="surefire.test.class.path" value="C:\Users\Omkar\git\apache\maven\maven-core\target\test-classes;C:\Users\Omkar\git\apache\maven\maven-core\target\classes;C:\Users\Omkar\git\apache\maven\maven-model\target\maven-model-3.7.0-SNAPSHOT.jar;C:\Users\Omkar\git\apache\maven\maven-settings\target\maven-settings-3.7.0-SNAPSHOT.jar;C:\Users\Omkar\git\apache\maven\maven-settings-builder\target\maven-settings-builder-3.7.0-SNAPSHOT.jar;C:\Users\Omkar\.m2\repository\org\codehaus\plexus\plexus-interpolation\1.26\plexus-interpolation-1.26.jar;C:\Users\Omkar\.m2\repository\org\sonatype\plexus\plexus-sec-dispatcher\1.4\plexus-sec-dispatcher-1.4.jar;C:\Users\Omkar\git\apache\maven\maven-builder-support\target\maven-builder-support-3.7.0-SNAPSHOT.jar;C:\Users\Omkar\git\apache\maven\maven-repository-metadata\target\maven-repository-metadata-3.7.0-SNAPSHOT.jar;C:\Users\Omkar\git\apache\maven\maven-artifact\target\maven-artifact-3.7.0-SNAPSHOT.jar;C:\Users\Omkar\git\apache\maven\maven-xml\target\maven-xml-3.7.0-SNAPSHOT.jar;C:\Users\Omkar\git\apache\maven\maven-plugin-api\target\maven-plugin-api-3.7.0-SNAPSHOT.jar;C:\Users\Omkar\git\apache\maven\maven-model-builder\target\maven-model-builder-3.7.0-SNAPSHOT.jar;C:\Users\Omkar\git\apache\maven\maven-resolver-provider\target\maven-resolver-provider-3.7.0-SNAPSHOT.jar;C:\Users\Omkar\.m2\repository\org\slf4j\slf4j-api\1.7.29\slf4j-api-1.7.29.jar;C:\Users\Omkar\.m2\repository\org\apache\maven\resolver\maven-resolver-impl\1.4.2\maven-resolver-impl-1.4.2.jar;C:\Users\Omkar\.m2\repository\org\apache\maven\resolver\maven-resolver-api\1.4.2\maven-resolver-api-1.4.2.jar;C:\Users\Omkar\.m2\repository\org\apache\maven\resolver\maven-resolver-spi\1.4.2\maven-resolver-spi-1.4.2.jar;C:\Users\Omkar\.m2\repository\org\apache\maven\resolver\maven-resolver-util\1.4.2\maven-resolver-util-1.4.2.jar;C:\Users\Omkar\.m2\repository\org\apache\maven\shared\maven-shared-utils\3.2.1\maven-shared-utils-3.2.1.jar;C:\Users\Omkar\.m2\repository\commons-io\commons-io\2.5\commons-io-2.5.jar;C:\Users\Omkar\.m2\repository\org\eclipse\sisu\org.eclipse.sisu.plexus\0.3.4\org.eclipse.sisu.plexus-0.3.4.jar;C:\Users\Omkar\.m2\repository\javax\enterprise\cdi-api\1.0\cdi-api-1.0.jar;C:\Users\Omkar\.m2\repository\javax\annotation\jsr250-api\1.0\jsr250-api-1.0.jar;C:\Users\Omkar\.m2\repository\org\codehaus\plexus\plexus-component-annotations\2.1.0\plexus-component-annotations-2.1.0.jar;C:\Users\Omkar\.m2\repository\org\eclipse\sisu\org.eclipse.sisu.inject\0.3.4\org.eclipse.sisu.inject-0.3.4.jar;C:\Users\Omkar\.m2\repository\com\google\inject\guice\4.2.3\guice-4.2.3-no_aop.jar;C:\Users\Omkar\.m2\repository\aopalliance\aopalliance\1.0\aopalliance-1.0.jar;C:\Users\Omkar\.m2\repository\com\google\guava\guava\27.1-jre\guava-27.1-jre.jar;C:\Users\Omkar\.m2\repository\com\google\guava\failureaccess\1.0.1\failureaccess-1.0.1.jar;C:\Users\Omkar\.m2\repository\com\google\guava\listenablefuture\9999.0-empty-to-avoid-conflict-with-guava\listenablefuture-9999.0-empty-to-avoid-conflict-with-guava.jar;C:\Users\Omkar\.m2\repository\com\google\code\findbugs\jsr305\3.0.2\jsr305-3.0.2.jar;C:\Users\Omkar\.m2\repository\org\checkerframework\checker-qual\2.5.2\checker-qual-2.5.2.jar;C:\Users\Omkar\.m2\repository\com\google\errorprone\error_prone_annotations\2.2.0\error_prone_annotations-2.2.0.jar;C:\Users\Omkar\.m2\repository\com\google\j2objc\j2objc-annotations\1.1\j2objc-annotations-1.1.jar;C:\Users\Omkar\.m2\repository\org\codehaus\mojo\animal-sniffer-annotations\1.17\animal-sniffer-annotations-1.17.jar;C:\Users\Omkar\.m2\repository\javax\inject\javax.inject\1\javax.inject-1.jar;C:\Users\Omkar\.m2\repository\org\codehaus\plexus\plexus-utils\3.3.0\plexus-utils-3.3.0.jar;C:\Users\Omkar\.m2\repository\org\codehaus\plexus\plexus-classworlds\2.6.0\plexus-classworlds-2.6.0.jar;C:\Users\Omkar\.m2\repository\org\codehaus\plexus\plexus-cipher\1.8\plexus-cipher-1.8.jar;C:\Users\Omkar\.m2\repository\org\apache\commons\commons-lang3\3.8.1\commons-lang3-3.8.1.jar;C:\Users\Omkar\.m2\repository\commons-jxpath\commons-jxpath\1.3\commons-jxpath-1.3.jar;C:\Users\Omkar\.m2\repository\org\mockito\mockito-core\3.2.0\mockito-core-3.2.0.jar;C:\Users\Omkar\.m2\repository\net\bytebuddy\byte-buddy\1.10.3\byte-buddy-1.10.3.jar;C:\Users\Omkar\.m2\repository\net\bytebuddy\byte-buddy-agent\1.10.3\byte-buddy-agent-1.10.3.jar;C:\Users\Omkar\.m2\repository\org\objenesis\objenesis\2.6\objenesis-2.6.jar;C:\Users\Omkar\.m2\repository\org\hamcrest\hamcrest-library\2.2\hamcrest-library-2.2.jar;C:\Users\Omkar\.m2\repository\org\hamcrest\hamcrest-core\2.2\hamcrest-core-2.2.jar;C:\Users\Omkar\.m2\repository\org\hamcrest\hamcrest\2.2\hamcrest-2.2.jar;C:\Users\Omkar\.m2\repository\org\xmlunit\xmlunit-assertj\2.6.4\xmlunit-assertj-2.6.4.jar;C:\Users\Omkar\.m2\repository\org\xmlunit\xmlunit-core\2.6.4\xmlunit-core-2.6.4.jar;C:\Users\Omkar\.m2\repository\org\assertj\assertj-core\2.9.0\assertj-core-2.9.0.jar;C:\Users\Omkar\.m2\repository\junit\junit\4.13\junit-4.13.jar;"/>
    <property name="sun.cpu.endian" value="little"/>
    <property name="user.home" value="C:\Users\Omkar"/>
    <property name="user.language" value="en"/>
    <property name="java.specification.vendor" value="Oracle Corporation"/>
    <property name="java.home" value="C:\Program Files\Java\jdk1.8.0_251\jre"/>
    <property name="basedir" value="C:\Users\Omkar\git\apache\maven\maven-core"/>
    <property name="file.separator" value="\"/>
    <property name="line.separator" value="&#10;"/>
    <property name="java.vm.specification.vendor" value="Oracle Corporation"/>
    <property name="java.specification.name" value="Java Platform API Specification"/>
    <property name="java.awt.graphicsenv" value="sun.awt.Win32GraphicsEnvironment"/>
    <property name="surefire.real.class.path" value="C:\Users\Omkar\AppData\Local\Temp\surefire5542456212476658446\surefirebooter4054535939834944257.jar"/>
    <property name="sun.boot.class.path" value="C:\Program Files\Java\jdk1.8.0_251\jre\lib\resources.jar;C:\Program Files\Java\jdk1.8.0_251\jre\lib\rt.jar;C:\Program Files\Java\jdk1.8.0_251\jre\lib\sunrsasign.jar;C:\Program Files\Java\jdk1.8.0_251\jre\lib\jsse.jar;C:\Program Files\Java\jdk1.8.0_251\jre\lib\jce.jar;C:\Program Files\Java\jdk1.8.0_251\jre\lib\charsets.jar;C:\Program Files\Java\jdk1.8.0_251\jre\lib\jfr.jar;C:\Program Files\Java\jdk1.8.0_251\jre\classes"/>
    <property name="user.script" value=""/>
    <property name="sun.management.compiler" value="HotSpot 64-Bit Tiered Compilers"/>
    <property name="java.runtime.version" value="1.8.0_251-b08"/>
    <property name="user.name" value="Omkar"/>
    <property name="path.separator" value=";"/>
    <property name="os.version" value="10.0"/>
    <property name="java.endorsed.dirs" value="C:\Program Files\Java\jdk1.8.0_251\jre\lib\endorsed"/>
    <property name="java.runtime.name" value="Java(TM) SE Runtime Environment"/>
    <property name="file.encoding" value="Cp1252"/>
    <property name="java.vm.name" value="Java HotSpot(TM) 64-Bit Server VM"/>
    <property name="localRepository" value="C:\Users\Omkar\.m2\repository"/>
    <property name="java.vendor.url.bug" value="http://bugreport.sun.com/bugreport/"/>
    <property name="java.io.tmpdir" value="C:\Users\Omkar\AppData\Local\Temp\"/>
    <property name="java.version" value="1.8.0_251"/>
    <property name="user.dir" value="C:\Users\Omkar\git\apache\maven\maven-core"/>
    <property name="os.arch" value="amd64"/>
    <property name="java.vm.specification.name" value="Java Virtual Machine Specification"/>
    <property name="java.awt.printerjob" value="sun.awt.windows.WPrinterJob"/>
    <property name="sun.os.patch.level" value=""/>
    <property name="java.library.path" value="C:\Program Files\Java\jdk1.8.0_251\jre\bin;C:\Windows\Sun\Java\bin;C:\Windows\system32;C:\Windows;C:\Program Files\WindowsApps\Microsoft.WindowsTerminal_1.2.2381.0_x64__8wekyb3d8bbwe;C:\Program Files (x86)\Common Files\Oracle\Java\javapath;C:\Windows\system32;C:\Windows;C:\Windows\System32\Wbem;C:\Windows\System32\WindowsPowerShell\v1.0\;C:\Windows\System32\OpenSSH\;C:\Program Files\Java\jdk1.8.0_251\bin;C:\Program Files\Multipass\bin;C:\Program Files\PowerShell\7\;C:\Program Files\PuTTY\;C:\Program Files\Git\cmd;C:\Program Files\nodejs\;C:\ProgramData\chocolatey\bin;C:\Program Files\TortoiseGit\bin;C:\Program Files\dotnet\;C:\Program Files\Microsoft SQL Server\130\Tools\Binn\;C:\Program Files\Microsoft SQL Server\Client SDK\ODBC\170\Tools\Binn\;C:\Program Files (x86)\IncrediBuild;C:\apache-maven-3.6.3-bin\bin;C:\Python\Python38\Scripts\;C:\Python\Python38\;C:\Users\Omkar\AppData\Local\Microsoft\WindowsApps;C:\Users\Omkar\AppData\Roaming\npm;C:\Users\Omkar\.dotnet\tools;."/>
    <property name="java.vm.info" value="mixed mode"/>
    <property name="java.vendor" value="Oracle Corporation"/>
    <property name="java.vm.version" value="25.251-b08"/>
    <property name="java.ext.dirs" value="C:\Program Files\Java\jdk1.8.0_251\jre\lib\ext;C:\Windows\Sun\Java\lib\ext"/>
    <property name="sun.io.unicode.encoding" value="UnicodeLittle"/>
    <property name="java.class.version" value="52.0"/>
  </properties>
  <testcase name="testGraph" classname="org.apache.maven.lifecycle.internal.builder.multithreaded.ConcurrencyDependencyGraphTest" time="0.001"/>
</testsuite>