<?xml version="1.0" encoding="UTF-8"?>
<testsuite xmlns:xsi="http://www.w3.org/2001/XMLSchema-instance" xsi:noNamespaceSchemaLocation="https://maven.apache.org/surefire/maven-surefire-plugin/xsd/surefire-test-report.xsd" name="org.apache.maven.settings.GlobalSettingsTest" time="0.058" tests="1" errors="0" skipped="0" failures="0">
  <properties>
    <property name="sun.desktop" value="windows"/>
    <property name="awt.toolkit" value="sun.awt.windows.WToolkit"/>
    <property name="file.encoding.pkg" value="sun.io"/>
    <property name="java.specification.version" value="1.8"/>
    <property name="sun.cpu.isalist" value="amd64"/>
    <property name="sun.jnu.encoding" value="Cp1252"/>
    <property name="java.class.path" value="C:\Users\Omkar\git\apache\maven\apache-maven\target\test-classes;C:\Users\Omkar\git\apache\maven\apache-maven\target\classes;C:\Users\Omkar\.m2\repository\org\apache\maven\maven-embedder\3.7.0-SNAPSHOT\maven-embedder-3.7.0-SNAPSHOT.jar;C:\Users\Omkar\.m2\repository\org\apache\maven\maven-settings\3.7.0-SNAPSHOT\maven-settings-3.7.0-SNAPSHOT.jar;C:\Users\Omkar\.m2\repository\org\apache\maven\maven-settings-builder\3.7.0-SNAPSHOT\maven-settings-builder-3.7.0-SNAPSHOT.jar;C:\Users\Omkar\.m2\repository\org\apache\maven\maven-plugin-api\3.7.0-SNAPSHOT\maven-plugin-api-3.7.0-SNAPSHOT.jar;C:\Users\Omkar\.m2\repository\org\apache\maven\maven-model\3.7.0-SNAPSHOT\maven-model-3.7.0-SNAPSHOT.jar;C:\Users\Omkar\.m2\repository\org\apache\maven\maven-model-builder\3.7.0-SNAPSHOT\maven-model-builder-3.7.0-SNAPSHOT.jar;C:\Users\Omkar\.m2\repository\org\apache\maven\maven-builder-support\3.7.0-SNAPSHOT\maven-builder-support-3.7.0-SNAPSHOT.jar;C:\Users\Omkar\.m2\repository\org\apache\maven\resolver\maven-resolver-api\1.4.2\maven-resolver-api-1.4.2.jar;C:\Users\Omkar\.m2\repository\org\apache\maven\resolver\maven-resolver-util\1.4.2\maven-resolver-util-1.4.2.jar;C:\Users\Omkar\.m2\repository\org\apache\maven\shared\maven-shared-utils\3.2.1\maven-shared-utils-3.2.1.jar;C:\Users\Omkar\.m2\repository\commons-io\commons-io\2.5\commons-io-2.5.jar;C:\Users\Omkar\.m2\repository\org\apache\maven\maven-slf4j-wrapper\3.7.0-SNAPSHOT\maven-slf4j-wrapper-3.7.0-SNAPSHOT.jar;C:\Users\Omkar\.m2\repository\com\google\inject\guice\4.2.3\guice-4.2.3-no_aop.jar;C:\Users\Omkar\.m2\repository\com\google\guava\guava\27.1-jre\guava-27.1-jre.jar;C:\Users\Omkar\.m2\repository\com\google\guava\failureaccess\1.0.1\failureaccess-1.0.1.jar;C:\Users\Omkar\.m2\repository\com\google\guava\listenablefuture\9999.0-empty-to-avoid-conflict-with-guava\listenablefuture-9999.0-empty-to-avoid-conflict-with-guava.jar;C:\Users\Omkar\.m2\repository\javax\inject\javax.inject\1\javax.inject-1.jar;C:\Users\Omkar\.m2\repository\javax\annotation\jsr250-api\1.0\jsr250-api-1.0.jar;C:\Users\Omkar\.m2\repository\org\codehaus\plexus\plexus-utils\3.3.0\plexus-utils-3.3.0.jar;C:\Users\Omkar\.m2\repository\org\codehaus\plexus\plexus-classworlds\2.6.0\plexus-classworlds-2.6.0.jar;C:\Users\Omkar\.m2\repository\org\sonatype\plexus\plexus-sec-dispatcher\1.4\plexus-sec-dispatcher-1.4.jar;C:\Users\Omkar\.m2\repository\org\slf4j\slf4j-api\1.7.29\slf4j-api-1.7.29.jar;C:\Users\Omkar\.m2\repository\org\apache\commons\commons-lang3\3.8.1\commons-lang3-3.8.1.jar;C:\Users\Omkar\.m2\repository\org\apache\maven\maven-core\3.7.0-SNAPSHOT\maven-core-3.7.0-SNAPSHOT.jar;C:\Users\Omkar\.m2\repository\org\apache\maven\maven-repository-metadata\3.7.0-SNAPSHOT\maven-repository-metadata-3.7.0-SNAPSHOT.jar;C:\Users\Omkar\.m2\repository\org\apache\maven\maven-artifact\3.7.0-SNAPSHOT\maven-artifact-3.7.0-SNAPSHOT.jar;C:\Users\Omkar\.m2\repository\org\apache\maven\maven-xml\3.7.0-SNAPSHOT\maven-xml-3.7.0-SNAPSHOT.jar;C:\Users\Omkar\.m2\repository\org\apache\maven\maven-resolver-provider\3.7.0-SNAPSHOT\maven-resolver-provider-3.7.0-SNAPSHOT.jar;C:\Users\Omkar\.m2\repository\org\apache\maven\resolver\maven-resolver-impl\1.4.2\maven-resolver-impl-1.4.2.jar;C:\Users\Omkar\.m2\repository\org\apache\maven\resolver\maven-resolver-spi\1.4.2\maven-resolver-spi-1.4.2.jar;C:\Users\Omkar\.m2\repository\org\eclipse\sisu\org.eclipse.sisu.inject\0.3.4\org.eclipse.sisu.inject-0.3.4.jar;C:\Users\Omkar\.m2\repository\org\apache\maven\maven-compat\3.7.0-SNAPSHOT\maven-compat-3.7.0-SNAPSHOT.jar;C:\Users\Omkar\.m2\repository\org\codehaus\plexus\plexus-interpolation\1.26\plexus-interpolation-1.26.jar;C:\Users\Omkar\.m2\repository\org\codehaus\plexus\plexus-component-annotations\2.1.0\plexus-component-annotations-2.1.0.jar;C:\Users\Omkar\.m2\repository\org\apache\maven\wagon\wagon-provider-api\3.4.0\wagon-provider-api-3.4.0.jar;C:\Users\Omkar\.m2\repository\org\eclipse\sisu\org.eclipse.sisu.plexus\0.3.4\org.eclipse.sisu.plexus-0.3.4.jar;C:\Users\Omkar\.m2\repository\javax\enterprise\cdi-api\1.0\cdi-api-1.0.jar;C:\Users\Omkar\.m2\repository\commons-cli\commons-cli\1.4\commons-cli-1.4.jar;C:\Users\Omkar\.m2\repository\org\apache\maven\wagon\wagon-http\3.4.0\wagon-http-3.4.0-shaded.jar;C:\Users\Omkar\.m2\repository\org\jsoup\jsoup\1.12.1\jsoup-1.12.1.jar;C:\Users\Omkar\.m2\repository\org\slf4j\jcl-over-slf4j\1.7.29\jcl-over-slf4j-1.7.29.jar;C:\Users\Omkar\.m2\repository\org\apache\maven\wagon\wagon-file\3.4.0\wagon-file-3.4.0.jar;C:\Users\Omkar\.m2\repository\org\apache\maven\resolver\maven-resolver-connector-basic\1.4.2\maven-resolver-connector-basic-1.4.2.jar;C:\Users\Omkar\.m2\repository\org\apache\maven\resolver\maven-resolver-transport-wagon\1.4.2\maven-resolver-transport-wagon-1.4.2.jar;C:\Users\Omkar\.m2\repository\org\apache\maven\maven-slf4j-provider\3.7.0-SNAPSHOT\maven-slf4j-provider-3.7.0-SNAPSHOT.jar;C:\Users\Omkar\.m2\repository\org\fusesource\jansi\jansi\1.18\jansi-1.18.jar;C:\Users\Omkar\.m2\repository\org\codehaus\plexus\plexus-cipher\1.8\plexus-cipher-1.8.jar;C:\Users\Omkar\.m2\repository\junit\junit\4.13\junit-4.13.jar;C:\Users\Omkar\.m2\repository\org\hamcrest\hamcrest-core\2.2\hamcrest-core-2.2.jar;C:\Users\Omkar\.m2\repository\org\hamcrest\hamcrest\2.2\hamcrest-2.2.jar;"/>
    <property name="java.vm.vendor" value="Oracle Corporation"/>
    <property name="sun.arch.data.model" value="64"/>
    <property name="user.variant" value=""/>
    <property name="java.vendor.url" value="http://java.oracle.com/"/>
    <property name="user.timezone" value="Asia/Calcutta"/>
    <property name="java.vm.specification.version" value="1.8"/>
    <property name="os.name" value="Windows 10"/>
    <property name="user.country" value="IN"/>
    <property name="sun.java.launcher" value="SUN_STANDARD"/>
    <property name="sun.boot.library.path" value="C:\Program Files\Java\jre1.8.0_251\bin"/>
    <property name="sun.java.command" value="C:\Users\Omkar\AppData\Local\Temp\surefire1863087228195174395\surefirebooter4538522199662512047.jar C:\Users\Omkar\AppData\Local\Temp\surefire1863087228195174395 2020-09-07T19-42-02_901-jvmRun1 surefire305746000048263141tmp surefire_08176146257696145006tmp"/>
    <property name="surefire.test.class.path" value="C:\Users\Omkar\git\apache\maven\apache-maven\target\test-classes;C:\Users\Omkar\git\apache\maven\apache-maven\target\classes;C:\Users\Omkar\.m2\repository\org\apache\maven\maven-embedder\3.7.0-SNAPSHOT\maven-embedder-3.7.0-SNAPSHOT.jar;C:\Users\Omkar\.m2\repository\org\apache\maven\maven-settings\3.7.0-SNAPSHOT\maven-settings-3.7.0-SNAPSHOT.jar;C:\Users\Omkar\.m2\repository\org\apache\maven\maven-settings-builder\3.7.0-SNAPSHOT\maven-settings-builder-3.7.0-SNAPSHOT.jar;C:\Users\Omkar\.m2\repository\org\apache\maven\maven-plugin-api\3.7.0-SNAPSHOT\maven-plugin-api-3.7.0-SNAPSHOT.jar;C:\Users\Omkar\.m2\repository\org\apache\maven\maven-model\3.7.0-SNAPSHOT\maven-model-3.7.0-SNAPSHOT.jar;C:\Users\Omkar\.m2\repository\org\apache\maven\maven-model-builder\3.7.0-SNAPSHOT\maven-model-builder-3.7.0-SNAPSHOT.jar;C:\Users\Omkar\.m2\repository\org\apache\maven\maven-builder-support\3.7.0-SNAPSHOT\maven-builder-support-3.7.0-SNAPSHOT.jar;C:\Users\Omkar\.m2\repository\org\apache\maven\resolver\maven-resolver-api\1.4.2\maven-resolver-api-1.4.2.jar;C:\Users\Omkar\.m2\repository\org\apache\maven\resolver\maven-resolver-util\1.4.2\maven-resolver-util-1.4.2.jar;C:\Users\Omkar\.m2\repository\org\apache\maven\shared\maven-shared-utils\3.2.1\maven-shared-utils-3.2.1.jar;C:\Users\Omkar\.m2\repository\commons-io\commons-io\2.5\commons-io-2.5.jar;C:\Users\Omkar\.m2\repository\org\apache\maven\maven-slf4j-wrapper\3.7.0-SNAPSHOT\maven-slf4j-wrapper-3.7.0-SNAPSHOT.jar;C:\Users\Omkar\.m2\repository\com\google\inject\guice\4.2.3\guice-4.2.3-no_aop.jar;C:\Users\Omkar\.m2\repository\com\google\guava\guava\27.1-jre\guava-27.1-jre.jar;C:\Users\Omkar\.m2\repository\com\google\guava\failureaccess\1.0.1\failureaccess-1.0.1.jar;C:\Users\Omkar\.m2\repository\com\google\guava\listenablefuture\9999.0-empty-to-avoid-conflict-with-guava\listenablefuture-9999.0-empty-to-avoid-conflict-with-guava.jar;C:\Users\Omkar\.m2\repository\javax\inject\javax.inject\1\javax.inject-1.jar;C:\Users\Omkar\.m2\repository\javax\annotation\jsr250-api\1.0\jsr250-api-1.0.jar;C:\Users\Omkar\.m2\repository\org\codehaus\plexus\plexus-utils\3.3.0\plexus-utils-3.3.0.jar;C:\Users\Omkar\.m2\repository\org\codehaus\plexus\plexus-classworlds\2.6.0\plexus-classworlds-2.6.0.jar;C:\Users\Omkar\.m2\repository\org\sonatype\plexus\plexus-sec-dispatcher\1.4\plexus-sec-dispatcher-1.4.jar;C:\Users\Omkar\.m2\repository\org\slf4j\slf4j-api\1.7.29\slf4j-api-1.7.29.jar;C:\Users\Omkar\.m2\repository\org\apache\commons\commons-lang3\3.8.1\commons-lang3-3.8.1.jar;C:\Users\Omkar\.m2\repository\org\apache\maven\maven-core\3.7.0-SNAPSHOT\maven-core-3.7.0-SNAPSHOT.jar;C:\Users\Omkar\.m2\repository\org\apache\maven\maven-repository-metadata\3.7.0-SNAPSHOT\maven-repository-metadata-3.7.0-SNAPSHOT.jar;C:\Users\Omkar\.m2\repository\org\apache\maven\maven-artifact\3.7.0-SNAPSHOT\maven-artifact-3.7.0-SNAPSHOT.jar;C:\Users\Omkar\.m2\repository\org\apache\maven\maven-xml\3.7.0-SNAPSHOT\maven-xml-3.7.0-SNAPSHOT.jar;C:\Users\Omkar\.m2\repository\org\apache\maven\maven-resolver-provider\3.7.0-SNAPSHOT\maven-resolver-provider-3.7.0-SNAPSHOT.jar;C:\Users\Omkar\.m2\repository\org\apache\maven\resolver\maven-resolver-impl\1.4.2\maven-resolver-impl-1.4.2.jar;C:\Users\Omkar\.m2\repository\org\apache\maven\resolver\maven-resolver-spi\1.4.2\maven-resolver-spi-1.4.2.jar;C:\Users\Omkar\.m2\repository\org\eclipse\sisu\org.eclipse.sisu.inject\0.3.4\org.eclipse.sisu.inject-0.3.4.jar;C:\Users\Omkar\.m2\repository\org\apache\maven\maven-compat\3.7.0-SNAPSHOT\maven-compat-3.7.0-SNAPSHOT.jar;C:\Users\Omkar\.m2\repository\org\codehaus\plexus\plexus-interpolation\1.26\plexus-interpolation-1.26.jar;C:\Users\Omkar\.m2\repository\org\codehaus\plexus\plexus-component-annotations\2.1.0\plexus-component-annotations-2.1.0.jar;C:\Users\Omkar\.m2\repository\org\apache\maven\wagon\wagon-provider-api\3.4.0\wagon-provider-api-3.4.0.jar;C:\Users\Omkar\.m2\repository\org\eclipse\sisu\org.eclipse.sisu.plexus\0.3.4\org.eclipse.sisu.plexus-0.3.4.jar;C:\Users\Omkar\.m2\repository\javax\enterprise\cdi-api\1.0\cdi-api-1.0.jar;C:\Users\Omkar\.m2\repository\commons-cli\commons-cli\1.4\commons-cli-1.4.jar;C:\Users\Omkar\.m2\repository\org\apache\maven\wagon\wagon-http\3.4.0\wagon-http-3.4.0-shaded.jar;C:\Users\Omkar\.m2\repository\org\jsoup\jsoup\1.12.1\jsoup-1.12.1.jar;C:\Users\Omkar\.m2\repository\org\slf4j\jcl-over-slf4j\1.7.29\jcl-over-slf4j-1.7.29.jar;C:\Users\Omkar\.m2\repository\org\apache\maven\wagon\wagon-file\3.4.0\wagon-file-3.4.0.jar;C:\Users\Omkar\.m2\repository\org\apache\maven\resolver\maven-resolver-connector-basic\1.4.2\maven-resolver-connector-basic-1.4.2.jar;C:\Users\Omkar\.m2\repository\org\apache\maven\resolver\maven-resolver-transport-wagon\1.4.2\maven-resolver-transport-wagon-1.4.2.jar;C:\Users\Omkar\.m2\repository\org\apache\maven\maven-slf4j-provider\3.7.0-SNAPSHOT\maven-slf4j-provider-3.7.0-SNAPSHOT.jar;C:\Users\Omkar\.m2\repository\org\fusesource\jansi\jansi\1.18\jansi-1.18.jar;C:\Users\Omkar\.m2\repository\org\codehaus\plexus\plexus-cipher\1.8\plexus-cipher-1.8.jar;C:\Users\Omkar\.m2\repository\junit\junit\4.13\junit-4.13.jar;C:\Users\Omkar\.m2\repository\org\hamcrest\hamcrest-core\2.2\hamcrest-core-2.2.jar;C:\Users\Omkar\.m2\repository\org\hamcrest\hamcrest\2.2\hamcrest-2.2.jar;"/>
    <property name="sun.cpu.endian" value="little"/>
    <property name="user.home" value="C:\Users\Omkar"/>
    <property name="user.language" value="en"/>
    <property name="java.specification.vendor" value="Oracle Corporation"/>
    <property name="java.home" value="C:\Program Files\Java\jre1.8.0_251"/>
    <property name="basedir" value="C:\Users\Omkar\git\apache\maven\apache-maven"/>
    <property name="file.separator" value="\"/>
    <property name="line.separator" value="&#10;"/>
    <property name="java.vm.specification.vendor" value="Oracle Corporation"/>
    <property name="java.specification.name" value="Java Platform API Specification"/>
    <property name="java.awt.graphicsenv" value="sun.awt.Win32GraphicsEnvironment"/>
    <property name="surefire.real.class.path" value="C:\Users\Omkar\AppData\Local\Temp\surefire1863087228195174395\surefirebooter4538522199662512047.jar"/>
    <property name="sun.boot.class.path" value="C:\Program Files\Java\jre1.8.0_251\lib\resources.jar;C:\Program Files\Java\jre1.8.0_251\lib\rt.jar;C:\Program Files\Java\jre1.8.0_251\lib\sunrsasign.jar;C:\Program Files\Java\jre1.8.0_251\lib\jsse.jar;C:\Program Files\Java\jre1.8.0_251\lib\jce.jar;C:\Program Files\Java\jre1.8.0_251\lib\charsets.jar;C:\Program Files\Java\jre1.8.0_251\lib\jfr.jar;C:\Program Files\Java\jre1.8.0_251\classes"/>
    <property name="user.script" value=""/>
    <property name="sun.management.compiler" value="HotSpot 64-Bit Tiered Compilers"/>
    <property name="java.runtime.version" value="1.8.0_251-b08"/>
    <property name="user.name" value="Omkar"/>
    <property name="path.separator" value=";"/>
    <property name="os.version" value="10.0"/>
    <property name="java.endorsed.dirs" value="C:\Program Files\Java\jre1.8.0_251\lib\endorsed"/>
    <property name="java.runtime.name" value="Java(TM) SE Runtime Environment"/>
    <property name="file.encoding" value="Cp1252"/>
    <property name="java.vm.name" value="Java HotSpot(TM) 64-Bit Server VM"/>
    <property name="localRepository" value="C:\Users\Omkar\.m2\repository"/>
    <property name="java.vendor.url.bug" value="http://bugreport.sun.com/bugreport/"/>
    <property name="java.io.tmpdir" value="C:\Users\Omkar\AppData\Local\Temp\"/>
    <property name="java.version" value="1.8.0_251"/>
    <property name="user.dir" value="C:\Users\Omkar\git\apache\maven\apache-maven"/>
    <property name="os.arch" value="amd64"/>
    <property name="java.vm.specification.name" value="Java Virtual Machine Specification"/>
    <property name="java.awt.printerjob" value="sun.awt.windows.WPrinterJob"/>
    <property name="sun.os.patch.level" value=""/>
    <property name="java.library.path" value="C:\Program Files\Java\jre1.8.0_251\bin;C:\Windows\Sun\Java\bin;C:\Windows\system32;C:\Windows;C:/Program Files/Java/jre1.8.0_251/bin/server;C:/Program Files/Java/jre1.8.0_251/bin;C:/Program Files/Java/jre1.8.0_251/lib/amd64;C:\Program Files (x86)\Common Files\Oracle\Java\javapath;C:\Windows\system32;C:\Windows;C:\Windows\System32\Wbem;C:\Windows\System32\WindowsPowerShell\v1.0\;C:\Windows\System32\OpenSSH\;C:\Program Files\Java\jdk1.8.0_251\bin;C:\Program Files\Multipass\bin;C:\Program Files\PowerShell\7\;C:\Program Files\PuTTY\;C:\Program Files\Git\cmd;C:\Program Files\nodejs\;C:\ProgramData\chocolatey\bin;C:\Program Files\TortoiseGit\bin;C:\Program Files\dotnet\;C:\Program Files\Microsoft SQL Server\130\Tools\Binn\;C:\Program Files\Microsoft SQL Server\Client SDK\ODBC\170\Tools\Binn\;C:\Program Files (x86)\IncrediBuild;C:\Python\Python38\Scripts\;C:\Python\Python38\;C:\Users\Omkar\AppData\Local\Microsoft\WindowsApps;C:\Users\Omkar\AppData\Roaming\npm;C:\Users\Omkar\.dotnet\tools;C:\Users\Omkar\Desktop;;."/>
    <property name="java.vm.info" value="mixed mode"/>
    <property name="java.vendor" value="Oracle Corporation"/>
    <property name="java.vm.version" value="25.251-b08"/>
    <property name="java.ext.dirs" value="C:\Program Files\Java\jre1.8.0_251\lib\ext;C:\Windows\Sun\Java\lib\ext"/>
    <property name="sun.io.unicode.encoding" value="UnicodeLittle"/>
    <property name="java.class.version" value="52.0"/>
  </properties>
  <testcase name="testValidGlobalSettings" classname="org.apache.maven.settings.GlobalSettingsTest" time="0.052"/>
</testsuite>